<?xml version="1.0" encoding="UTF-8"?>
<!-- Generated by org.testng.reporters.JUnitXMLReporter -->
<testsuite hostname="DESKTOP-5NIOMS0" ignored="0" name="Command line test" tests="1" failures="1" timestamp="24 Aug 2020 19:02:52 GMT" time="11.671" errors="0">
  <testcase name="validateTitle" time="0.008" classname="com.test.TestNGBasics">
    <failure type="java.lang.AssertionError" message="expected [Google1] but found [Google]">
      <![CDATA[java.lang.AssertionError: expected [Google1] but found [Google]
	at com.test.TestNGBasics.validateTitle(TestNGBasics.java:49)
... Removed 40 stack frames]]>
    </failure>
  </testcase> <!-- validateTitle -->
</testsuite> <!-- Command line test -->
