<?xml version="1.0" encoding="UTF-8"?>
<testng-results skipped="0" failed="0" ignored="0" total="1" passed="1">
  <reporter-output>
  </reporter-output>
  <suite name="com.test.TestNGBasics" duration-ms="13228" started-at="2020-08-24T20:13:35Z" finished-at="2020-08-24T20:13:48Z">
    <groups>
    </groups>
    <test name="Command line test" duration-ms="13228" started-at="2020-08-24T20:13:35Z" finished-at="2020-08-24T20:13:48Z">
      <class name="com.test.TestNGBasics">
        <test-method status="PASS" signature="setUp()[pri:0, instance:com.test.TestNGBasics@7a79be86]" name="setUp" is-config="true" duration-ms="12" started-at="2020-08-24T16:13:35Z" finished-at="2020-08-24T16:13:35Z">
          <reporter-output>
          </reporter-output>
        </test-method> <!-- setUp -->
        <test-method status="PASS" signature="launchBrowser()[pri:0, instance:com.test.TestNGBasics@7a79be86]" name="launchBrowser" is-config="true" duration-ms="6976" started-at="2020-08-24T16:13:35Z" finished-at="2020-08-24T16:13:42Z">
          <reporter-output>
          </reporter-output>
        </test-method> <!-- launchBrowser -->
        <test-method status="PASS" signature="enterURL()[pri:0, instance:com.test.TestNGBasics@7a79be86]" name="enterURL" is-config="true" duration-ms="2034" started-at="2020-08-24T16:13:42Z" finished-at="2020-08-24T16:13:44Z">
          <reporter-output>
          </reporter-output>
        </test-method> <!-- enterURL -->
        <test-method status="PASS" signature="login()[pri:0, instance:com.test.TestNGBasics@7a79be86]" name="login" is-config="true" duration-ms="2237" started-at="2020-08-24T16:13:44Z" finished-at="2020-08-24T16:13:46Z">
          <reporter-output>
          </reporter-output>
        </test-method> <!-- login -->
        <test-method status="PASS" signature="validateTitle()[pri:0, instance:com.test.TestNGBasics@7a79be86]" name="validateTitle" duration-ms="13" started-at="2020-08-24T16:13:46Z" finished-at="2020-08-24T16:13:46Z">
          <reporter-output>
          </reporter-output>
        </test-method> <!-- validateTitle -->
        <test-method status="PASS" signature="logout()[pri:0, instance:com.test.TestNGBasics@7a79be86]" name="logout" is-config="true" duration-ms="1" started-at="2020-08-24T16:13:46Z" finished-at="2020-08-24T16:13:46Z">
          <reporter-output>
          </reporter-output>
        </test-method> <!-- logout -->
        <test-method status="PASS" signature="ClearCoockies()[pri:0, instance:com.test.TestNGBasics@7a79be86]" name="ClearCoockies" is-config="true" duration-ms="1212" started-at="2020-08-24T16:13:46Z" finished-at="2020-08-24T16:13:48Z">
          <reporter-output>
          </reporter-output>
        </test-method> <!-- ClearCoockies -->
        <test-method status="PASS" signature="closeBrowser()[pri:0, instance:com.test.TestNGBasics@7a79be86]" name="closeBrowser" is-config="true" duration-ms="736" started-at="2020-08-24T16:13:48Z" finished-at="2020-08-24T16:13:48Z">
          <reporter-output>
          </reporter-output>
        </test-method> <!-- closeBrowser -->
      </class> <!-- com.test.TestNGBasics -->
    </test> <!-- Command line test -->
  </suite> <!-- com.test.TestNGBasics -->
</testng-results>
