<?xml version="1.0" encoding="UTF-8"?>
<testng-results skipped="0" failed="0" ignored="0" total="2" passed="2">
  <reporter-output>
  </reporter-output>
  <suite name="TestNGDemo Test Automation Test Suite" duration-ms="12390" started-at="2020-08-25T03:38:28Z" finished-at="2020-08-25T03:38:40Z">
    <groups>
    </groups>
    <test name="TestNGDemo Test Cases" duration-ms="12390" started-at="2020-08-25T03:38:28Z" finished-at="2020-08-25T03:38:40Z">
      <class name="com.test.TestNGBasics">
        <test-method status="PASS" signature="setUp()[pri:0, instance:com.test.TestNGBasics@29ee9faa]" name="setUp" is-config="true" duration-ms="13" started-at="2020-08-24T23:38:28Z" finished-at="2020-08-24T23:38:28Z">
          <reporter-output>
          </reporter-output>
        </test-method> <!-- setUp -->
        <test-method status="PASS" signature="launchBrowser()[pri:0, instance:com.test.TestNGBasics@29ee9faa]" name="launchBrowser" is-config="true" duration-ms="6808" started-at="2020-08-24T23:38:28Z" finished-at="2020-08-24T23:38:34Z">
          <reporter-output>
          </reporter-output>
        </test-method> <!-- launchBrowser -->
        <test-method status="PASS" signature="enterURL()[pri:0, instance:com.test.TestNGBasics@29ee9faa]" name="enterURL" is-config="true" duration-ms="1499" started-at="2020-08-24T23:38:34Z" finished-at="2020-08-24T23:38:36Z">
          <reporter-output>
          </reporter-output>
        </test-method> <!-- enterURL -->
        <test-method status="PASS" signature="validateTitle()[pri:1, instance:com.test.TestNGBasics@29ee9faa]" name="validateTitle" duration-ms="14" started-at="2020-08-24T23:38:36Z" finished-at="2020-08-24T23:38:36Z">
          <reporter-output>
          </reporter-output>
        </test-method> <!-- validateTitle -->
        <test-method status="PASS" signature="login()[pri:0, instance:com.test.TestNGBasics@29ee9faa]" name="login" is-config="true" duration-ms="0" started-at="2020-08-24T23:38:36Z" finished-at="2020-08-24T23:38:36Z">
          <reporter-output>
          </reporter-output>
        </test-method> <!-- login -->
        <test-method status="PASS" signature="logout()[pri:0, instance:com.test.TestNGBasics@29ee9faa]" name="logout" is-config="true" duration-ms="1" started-at="2020-08-24T23:38:36Z" finished-at="2020-08-24T23:38:36Z">
          <reporter-output>
          </reporter-output>
        </test-method> <!-- logout -->
        <test-method status="PASS" signature="login()[pri:0, instance:com.test.TestNGBasics@29ee9faa]" name="login" is-config="true" duration-ms="1" started-at="2020-08-24T23:38:36Z" finished-at="2020-08-24T23:38:36Z">
          <reporter-output>
          </reporter-output>
        </test-method> <!-- login -->
        <test-method status="PASS" signature="clickOnabout()[pri:2, instance:com.test.TestNGBasics@29ee9faa]" name="clickOnabout" duration-ms="2598" started-at="2020-08-24T23:38:36Z" finished-at="2020-08-24T23:38:39Z">
          <reporter-output>
          </reporter-output>
        </test-method> <!-- clickOnabout -->
        <test-method status="PASS" signature="ClearCoockies()[pri:0, instance:com.test.TestNGBasics@29ee9faa]" name="ClearCoockies" is-config="true" duration-ms="574" started-at="2020-08-24T23:38:39Z" finished-at="2020-08-24T23:38:39Z">
          <reporter-output>
          </reporter-output>
        </test-method> <!-- ClearCoockies -->
        <test-method status="PASS" signature="logout()[pri:0, instance:com.test.TestNGBasics@29ee9faa]" name="logout" is-config="true" duration-ms="0" started-at="2020-08-24T23:38:39Z" finished-at="2020-08-24T23:38:39Z">
          <reporter-output>
          </reporter-output>
        </test-method> <!-- logout -->
        <test-method status="PASS" signature="closeBrowser()[pri:0, instance:com.test.TestNGBasics@29ee9faa]" name="closeBrowser" is-config="true" duration-ms="874" started-at="2020-08-24T23:38:39Z" finished-at="2020-08-24T23:38:40Z">
          <reporter-output>
          </reporter-output>
        </test-method> <!-- closeBrowser -->
      </class> <!-- com.test.TestNGBasics -->
    </test> <!-- TestNGDemo Test Cases -->
  </suite> <!-- TestNGDemo Test Automation Test Suite -->
</testng-results>
