<?xml version="1.0" encoding="UTF-8"?>
<!-- Generated by org.testng.reporters.JUnitXMLReporter -->
<testsuite hostname="DESKTOP-5NIOMS0" ignored="0" name="TestNGDemo Test Cases" tests="1" failures="1" timestamp="24 Aug 2020 21:58:31 GMT" time="11.493" errors="0">
  <testcase name="validateTitle" time="0.029" classname="com.test.TestNGBasics">
    <failure type="java.lang.AssertionError" message="expected [Google1] but found [Google]">
      <![CDATA[java.lang.AssertionError: expected [Google1] but found [Google]
	at com.test.TestNGBasics.validateTitle(TestNGBasics.java:49)
... Removed 31 stack frames]]>
    </failure>
  </testcase> <!-- validateTitle -->
</testsuite> <!-- TestNGDemo Test Cases -->
